2025-04-04 20:54:23,569 - __main__ - INFO - Начинаем предобработку всех файлов данных
2025-04-04 20:54:23,572 - __main__ - INFO - Начинаем обработку файла pzab_quarterly.csv
2025-04-04 20:54:23,601 - __main__ - INFO - Исходные данные: 40 строк, 113 столбцов
2025-04-04 20:54:23,638 - __main__ - INFO - После обработки: 40 строк, 113 столбцов
2025-04-04 20:54:23,644 - __main__ - INFO - Обработанные данные сохранены в C:\Users\User\Desktop\Nisty\oil_well_modeling\data\processed\processed_pzab.csv
2025-04-04 20:54:23,644 - __main__ - INFO - Начинаем обработку файла ppl_quarterly.xlsx
2025-04-04 20:54:24,093 - __main__ - INFO - Обработка листа: Лист1
2025-04-04 20:54:24,108 - __main__ - INFO - Исходные данные листа Лист1: 98 строк, 27 столбцов
2025-04-04 20:54:24,110 - __main__ - INFO - После обработки листа Лист1: 98 строк, 27 столбцов
2025-04-04 20:54:24,157 - __main__ - INFO - Обработанные данные сохранены в C:\Users\User\Desktop\Nisty\oil_well_modeling\data\processed\processed_ppl.xlsx
2025-04-04 20:54:24,158 - __main__ - INFO - Начинаем обработку файла arcgis_fund.csv
2025-04-04 20:54:24,171 - __main__ - INFO - Исходные данные: 88 строк, 85 столбцов
2025-04-04 20:54:24,171 - __main__ - INFO - После обработки: 88 строк, 85 столбцов
2025-04-04 20:54:24,175 - __main__ - INFO - Обработанные данные сохранены в C:\Users\User\Desktop\Nisty\oil_well_modeling\data\processed\processed_arcgis.csv
2025-04-04 20:54:24,175 - __main__ - INFO - Начинаем обработку файла gdi_vnr.xls
2025-04-04 20:54:24,179 - __main__ - INFO - Обработка листа: GIS
2025-04-04 20:54:24,181 - __main__ - INFO - Исходные данные листа GIS: 3 строк, 24 столбцов
2025-04-04 20:54:24,183 - __main__ - INFO - После обработки листа GIS: 3 строк, 24 столбцов
2025-04-04 20:54:24,191 - __main__ - INFO - Обработанные данные сохранены в C:\Users\User\Desktop\Nisty\oil_well_modeling\data\processed\processed_gdi_vnr.xlsx
2025-04-04 20:54:24,191 - __main__ - INFO - Начинаем обработку файла gdi_reinterpretation.xlsx
2025-04-04 20:54:24,205 - __main__ - INFO - Обработка листа: Лист1
2025-04-04 20:54:24,214 - __main__ - INFO - Исходные данные листа Лист1: 14 строк, 22 столбцов
2025-04-04 20:54:24,218 - __main__ - INFO - После обработки листа Лист1: 13 строк, 22 столбцов
2025-04-04 20:54:24,218 - __main__ - INFO - Обработка листа: Лист2
2025-04-04 20:54:24,225 - __main__ - INFO - Исходные данные листа Лист2: 0 строк, 0 столбцов
2025-04-04 20:54:24,225 - __main__ - INFO - После обработки листа Лист2: 0 строк, 0 столбцов
2025-04-04 20:54:24,225 - __main__ - INFO - Обработка листа: Лист3
2025-04-04 20:54:24,232 - __main__ - INFO - Исходные данные листа Лист3: 0 строк, 0 столбцов
2025-04-04 20:54:24,232 - __main__ - INFO - После обработки листа Лист3: 0 строк, 0 столбцов
2025-04-04 20:54:24,257 - __main__ - INFO - Обработанные данные сохранены в C:\Users\User\Desktop\Nisty\oil_well_modeling\data\processed\processed_gdi_reint.xlsx
2025-04-04 20:54:24,258 - __main__ - INFO - Начинаем обработку файла gtp.xls
2025-04-04 20:54:24,323 - __main__ - INFO - Обработанные данные сохранены в C:\Users\User\Desktop\Nisty\oil_well_modeling\data\processed\processed_gtp.xlsx
2025-04-04 20:54:24,323 - __main__ - INFO - Начинаем обработку файла nnt_NGT.xlsx
2025-04-04 20:54:24,335 - __main__ - INFO - Обработка листа: Лист1
2025-04-04 20:54:24,357 - __main__ - INFO - Исходные данные листа Лист1: 90 строк, 5 столбцов
2025-04-04 20:54:24,358 - __main__ - INFO - После обработки листа Лист1: 90 строк, 5 столбцов
2025-04-04 20:54:24,374 - __main__ - INFO - Обработанные данные сохранены в C:\Users\User\Desktop\Nisty\oil_well_modeling\data\processed\processed_nnt_ngt.xlsx
2025-04-04 20:54:24,374 - __main__ - INFO - Предобработка всех файлов данных успешно завершена
2025-04-04 20:58:44,174 - __main__ - INFO - Начинаем предобработку всех файлов данных
2025-04-04 20:58:44,174 - __main__ - INFO - Начинаем обработку файла pzab_quarterly.csv
2025-04-04 20:58:44,179 - __main__ - INFO - Исходные данные: 40 строк, 113 столбцов
2025-04-04 20:58:44,193 - __main__ - INFO - После обработки: 40 строк, 113 столбцов
2025-04-04 20:58:44,197 - __main__ - INFO - Обработанные данные сохранены в C:\Users\User\Desktop\Nisty\oil_well_modeling\data\processed\processed_pzab.csv
2025-04-04 20:58:44,197 - __main__ - INFO - Начинаем обработку файла ppl_quarterly.xlsx
2025-04-04 20:58:44,367 - __main__ - INFO - Обработка листа: Лист1
2025-04-04 20:58:44,381 - __main__ - INFO - Исходные данные листа Лист1: 98 строк, 27 столбцов
2025-04-04 20:58:44,383 - __main__ - INFO - После обработки листа Лист1: 98 строк, 27 столбцов
2025-04-04 20:58:44,423 - __main__ - INFO - Обработанные данные сохранены в C:\Users\User\Desktop\Nisty\oil_well_modeling\data\processed\processed_ppl.xlsx
2025-04-04 20:58:44,424 - __main__ - INFO - Начинаем обработку файла arcgis_fund.csv
2025-04-04 20:58:44,427 - __main__ - INFO - Исходные данные: 88 строк, 85 столбцов
2025-04-04 20:58:44,427 - __main__ - INFO - После обработки: 88 строк, 85 столбцов
2025-04-04 20:58:44,430 - __main__ - INFO - Обработанные данные сохранены в C:\Users\User\Desktop\Nisty\oil_well_modeling\data\processed\processed_arcgis.csv
2025-04-04 20:58:44,430 - __main__ - INFO - Начинаем обработку файла gdi_vnr.xls
2025-04-04 20:58:44,430 - __main__ - ERROR - Ошибка при обработке файла gdi_vnr.xls: [Errno 2] No such file or directory: 'C:\\Users\\User\\Desktop\\Nisty\\oil_well_modeling\\data\\gdi_vnr.xls'
2025-04-04 20:58:44,431 - __main__ - INFO - Начинаем обработку файла gdi_reinterpretation.xlsx
2025-04-04 20:58:44,436 - __main__ - INFO - Обработка листа: Лист1
2025-04-04 20:58:44,444 - __main__ - INFO - Исходные данные листа Лист1: 14 строк, 22 столбцов
2025-04-04 20:58:44,446 - __main__ - INFO - После обработки листа Лист1: 13 строк, 22 столбцов
2025-04-04 20:58:44,446 - __main__ - INFO - Обработка листа: Лист2
2025-04-04 20:58:44,453 - __main__ - INFO - Исходные данные листа Лист2: 0 строк, 0 столбцов
2025-04-04 20:58:44,453 - __main__ - INFO - После обработки листа Лист2: 0 строк, 0 столбцов
2025-04-04 20:58:44,453 - __main__ - INFO - Обработка листа: Лист3
2025-04-04 20:58:44,459 - __main__ - INFO - Исходные данные листа Лист3: 0 строк, 0 столбцов
2025-04-04 20:58:44,460 - __main__ - INFO - После обработки листа Лист3: 0 строк, 0 столбцов
2025-04-04 20:58:44,483 - __main__ - INFO - Обработанные данные сохранены в C:\Users\User\Desktop\Nisty\oil_well_modeling\data\processed\processed_gdi_reint.xlsx
2025-04-04 20:58:44,483 - __main__ - INFO - Начинаем обработку файла gtp.xls
2025-04-04 20:58:44,484 - __main__ - ERROR - Ошибка при обработке XLS файла: [Errno 2] No such file or directory: 'C:\\Users\\User\\Desktop\\Nisty\\oil_well_modeling\\data\\gtp.xls'
2025-04-04 20:58:44,484 - __main__ - INFO - Начинаем обработку файла nnt_NGT.xlsx
2025-04-04 20:58:44,487 - __main__ - INFO - Обработка листа: Лист1
2025-04-04 20:58:44,510 - __main__ - INFO - Исходные данные листа Лист1: 90 строк, 5 столбцов
2025-04-04 20:58:44,511 - __main__ - INFO - После обработки листа Лист1: 90 строк, 5 столбцов
2025-04-04 20:58:44,528 - __main__ - INFO - Обработанные данные сохранены в C:\Users\User\Desktop\Nisty\oil_well_modeling\data\processed\processed_nnt_ngt.xlsx
2025-04-04 20:58:44,528 - __main__ - INFO - Предобработка всех файлов данных успешно завершена
2025-04-04 21:00:17,888 - __main__ - INFO - Начинаем предобработку всех файлов данных
2025-04-04 21:00:17,888 - __main__ - INFO - Начинаем обработку файла pzab_quarterly.csv
2025-04-04 21:00:17,894 - __main__ - INFO - Исходные данные: 40 строк, 113 столбцов
2025-04-04 21:00:17,907 - __main__ - INFO - После обработки: 40 строк, 113 столбцов
2025-04-04 21:00:17,911 - __main__ - INFO - Обработанные данные сохранены в C:\Users\User\Desktop\Nisty\oil_well_modeling\data\processed\processed_pzab.csv
2025-04-04 21:00:17,911 - __main__ - INFO - Начинаем обработку файла ppl_quarterly.xlsx
2025-04-04 21:00:18,081 - __main__ - INFO - Обработка листа: Лист1
2025-04-04 21:00:18,096 - __main__ - INFO - Исходные данные листа Лист1: 98 строк, 27 столбцов
2025-04-04 21:00:18,098 - __main__ - INFO - После обработки листа Лист1: 98 строк, 27 столбцов
2025-04-04 21:00:18,144 - __main__ - INFO - Обработанные данные сохранены в C:\Users\User\Desktop\Nisty\oil_well_modeling\data\processed\processed_ppl.xlsx
2025-04-04 21:00:18,144 - __main__ - INFO - Начинаем обработку файла arcgis_fund.csv
2025-04-04 21:00:18,148 - __main__ - INFO - Исходные данные: 88 строк, 85 столбцов
2025-04-04 21:00:18,148 - __main__ - INFO - После обработки: 88 строк, 85 столбцов
2025-04-04 21:00:18,151 - __main__ - INFO - Обработанные данные сохранены в C:\Users\User\Desktop\Nisty\oil_well_modeling\data\processed\processed_arcgis.csv
2025-04-04 21:00:18,151 - __main__ - INFO - Начинаем обработку файла gdi_vnr.xlsx
2025-04-04 21:00:18,154 - __main__ - INFO - Обработка листа: GIS
2025-04-04 21:00:18,158 - __main__ - INFO - Исходные данные листа GIS: 3 строк, 24 столбцов
2025-04-04 21:00:18,160 - __main__ - INFO - После обработки листа GIS: 3 строк, 24 столбцов
2025-04-04 21:00:18,174 - __main__ - INFO - Обработанные данные сохранены в C:\Users\User\Desktop\Nisty\oil_well_modeling\data\processed\processed_gdi_vnr.xlsx
2025-04-04 21:00:18,174 - __main__ - INFO - Начинаем обработку файла gdi_reinterpretation.xlsx
2025-04-04 21:00:18,180 - __main__ - INFO - Обработка листа: Лист1
2025-04-04 21:00:18,188 - __main__ - INFO - Исходные данные листа Лист1: 14 строк, 22 столбцов
2025-04-04 21:00:18,189 - __main__ - INFO - После обработки листа Лист1: 13 строк, 22 столбцов
2025-04-04 21:00:18,189 - __main__ - INFO - Обработка листа: Лист2
2025-04-04 21:00:18,196 - __main__ - INFO - Исходные данные листа Лист2: 0 строк, 0 столбцов
2025-04-04 21:00:18,196 - __main__ - INFO - После обработки листа Лист2: 0 строк, 0 столбцов
2025-04-04 21:00:18,197 - __main__ - INFO - Обработка листа: Лист3
2025-04-04 21:00:18,203 - __main__ - INFO - Исходные данные листа Лист3: 0 строк, 0 столбцов
2025-04-04 21:00:18,203 - __main__ - INFO - После обработки листа Лист3: 0 строк, 0 столбцов
2025-04-04 21:00:18,234 - __main__ - INFO - Обработанные данные сохранены в C:\Users\User\Desktop\Nisty\oil_well_modeling\data\processed\processed_gdi_reint.xlsx
2025-04-04 21:00:18,234 - __main__ - INFO - Начинаем обработку файла gtp.xlsx
2025-04-04 21:00:18,241 - __main__ - INFO - Обработка листа: Динамический отчёт по ГТП
2025-04-04 21:00:18,249 - __main__ - INFO - Исходные данные листа Динамический отчёт по ГТП: 15 строк, 52 столбцов
2025-04-04 21:00:18,252 - __main__ - INFO - После обработки листа Динамический отчёт по ГТП: 13 строк, 52 столбцов
2025-04-04 21:00:18,280 - __main__ - INFO - Обработанные данные сохранены в C:\Users\User\Desktop\Nisty\oil_well_modeling\data\processed\processed_gtp.xlsx
2025-04-04 21:00:18,281 - __main__ - INFO - Начинаем обработку файла nnt_NGT.xlsx
2025-04-04 21:00:18,284 - __main__ - INFO - Обработка листа: Лист1
2025-04-04 21:00:18,308 - __main__ - INFO - Исходные данные листа Лист1: 90 строк, 5 столбцов
2025-04-04 21:00:18,308 - __main__ - INFO - После обработки листа Лист1: 90 строк, 5 столбцов
2025-04-04 21:00:18,324 - __main__ - INFO - Обработанные данные сохранены в C:\Users\User\Desktop\Nisty\oil_well_modeling\data\processed\processed_nnt_ngt.xlsx
2025-04-04 21:00:18,324 - __main__ - INFO - Предобработка всех файлов данных успешно завершена
